This is pdfTeX, Version 3.14159265-2.6-1.40.18 (MiKTeX 2.9.6300 64-bit) (preloaded format=pdflatex 2017.6.7)  8 MAR 2018 21:53
entering extended mode
**c:/Users/Arnold/Documents/UnityProjects/HoloLens/mpse-report-tex/main.tex
(c:/Users/Arnold/Documents/UnityProjects/HoloLens/mpse-report-tex/main.tex
LaTeX2e <2017-04-15>
Babel <3.9r> and hyphenation patterns for 75 language(s) loaded.
(IEEEtran.cls
Document Class: IEEEtran 2015/08/26 V1.8b by Michael Shell
-- See the "IEEEtran_HOWTO" manual for usage information.
-- http://www.michaelshell.org/tex/ieeetran/
\@IEEEtrantmpdimenA=\dimen102
\@IEEEtrantmpdimenB=\dimen103
\@IEEEtrantmpdimenC=\dimen104
\@IEEEtrantmpcountA=\count79
\@IEEEtrantmpcountB=\count80
\@IEEEtrantmpcountC=\count81
\@IEEEtrantmptoksA=\toks14
LaTeX Font Info:    Try loading font information for OT1+ptm on input line 503.

("C:\Program Files\MiKTeX 2.9\tex\latex\psnfss\ot1ptm.fd"
File: ot1ptm.fd 2001/06/04 font definitions for OT1/ptm.
)
-- Using IEEE Computer Society mode.
-- Using 8.5in x 11in (letter) paper.
-- Using PDF output.
\@IEEEnormalsizeunitybaselineskip=\dimen105
-- This is a 10 point document.
\CLASSINFOnormalsizebaselineskip=\dimen106
\CLASSINFOnormalsizeunitybaselineskip=\dimen107
\IEEEnormaljot=\dimen108
LaTeX Font Info:    Font shape `OT1/ptm/bx/n' in size <5.01874> not available
(Font)              Font shape `OT1/ptm/b/n' tried instead on input line 1090.
LaTeX Font Info:    Font shape `OT1/ptm/bx/it' in size <5.01874> not available
(Font)              Font shape `OT1/ptm/b/it' tried instead on input line 1090.

LaTeX Font Info:    Font shape `OT1/ptm/bx/n' in size <7.02625> not available
(Font)              Font shape `OT1/ptm/b/n' tried instead on input line 1090.
LaTeX Font Info:    Font shape `OT1/ptm/bx/it' in size <7.02625> not available
(Font)              Font shape `OT1/ptm/b/it' tried instead on input line 1090.

LaTeX Font Info:    Font shape `OT1/ptm/bx/n' in size <8.03> not available
(Font)              Font shape `OT1/ptm/b/n' tried instead on input line 1090.
LaTeX Font Info:    Font shape `OT1/ptm/bx/it' in size <8.03> not available
(Font)              Font shape `OT1/ptm/b/it' tried instead on input line 1090.

LaTeX Font Info:    Font shape `OT1/ptm/bx/n' in size <9.03374> not available
(Font)              Font shape `OT1/ptm/b/n' tried instead on input line 1090.
LaTeX Font Info:    Font shape `OT1/ptm/bx/it' in size <9.03374> not available
(Font)              Font shape `OT1/ptm/b/it' tried instead on input line 1090.

LaTeX Font Info:    Font shape `OT1/ptm/bx/n' in size <10.03749> not available
(Font)              Font shape `OT1/ptm/b/n' tried instead on input line 1090.
LaTeX Font Info:    Font shape `OT1/ptm/bx/it' in size <10.03749> not available

(Font)              Font shape `OT1/ptm/b/it' tried instead on input line 1090.

LaTeX Font Info:    Font shape `OT1/ptm/bx/n' in size <11.04124> not available
(Font)              Font shape `OT1/ptm/b/n' tried instead on input line 1090.
LaTeX Font Info:    Font shape `OT1/ptm/bx/it' in size <11.04124> not available

(Font)              Font shape `OT1/ptm/b/it' tried instead on input line 1090.

LaTeX Font Info:    Font shape `OT1/ptm/bx/n' in size <12.045> not available
(Font)              Font shape `OT1/ptm/b/n' tried instead on input line 1090.
LaTeX Font Info:    Font shape `OT1/ptm/bx/it' in size <12.045> not available
(Font)              Font shape `OT1/ptm/b/it' tried instead on input line 1090.

LaTeX Font Info:    Font shape `OT1/ptm/bx/n' in size <17.06374> not available
(Font)              Font shape `OT1/ptm/b/n' tried instead on input line 1090.
LaTeX Font Info:    Font shape `OT1/ptm/bx/it' in size <17.06374> not available

(Font)              Font shape `OT1/ptm/b/it' tried instead on input line 1090.

LaTeX Font Info:    Font shape `OT1/ptm/bx/n' in size <20.075> not available
(Font)              Font shape `OT1/ptm/b/n' tried instead on input line 1090.
LaTeX Font Info:    Font shape `OT1/ptm/bx/it' in size <20.075> not available
(Font)              Font shape `OT1/ptm/b/it' tried instead on input line 1090.

LaTeX Font Info:    Font shape `OT1/ptm/bx/n' in size <24.09> not available
(Font)              Font shape `OT1/ptm/b/n' tried instead on input line 1090.
LaTeX Font Info:    Font shape `OT1/ptm/bx/it' in size <24.09> not available
(Font)              Font shape `OT1/ptm/b/it' tried instead on input line 1090.

\IEEEquantizedlength=\dimen109
\IEEEquantizedlengthdiff=\dimen110
\IEEEquantizedtextheightdiff=\dimen111
\IEEEilabelindentA=\dimen112
\IEEEilabelindentB=\dimen113
\IEEEilabelindent=\dimen114
\IEEEelabelindent=\dimen115
\IEEEdlabelindent=\dimen116
\IEEElabelindent=\dimen117
\IEEEiednormlabelsep=\dimen118
\IEEEiedmathlabelsep=\dimen119
\IEEEiedtopsep=\skip41
\c@section=\count82
\c@subsection=\count83
\c@subsubsection=\count84
\c@paragraph=\count85
\c@IEEEsubequation=\count86
\abovecaptionskip=\skip42
\belowcaptionskip=\skip43
\c@figure=\count87
\c@table=\count88
\@IEEEeqnnumcols=\count89
\@IEEEeqncolcnt=\count90
\@IEEEsubeqnnumrollback=\count91
\@IEEEquantizeheightA=\dimen120
\@IEEEquantizeheightB=\dimen121
\@IEEEquantizeheightC=\dimen122
\@IEEEquantizeprevdepth=\dimen123
\@IEEEquantizemultiple=\count92
\@IEEEquantizeboxA=\box26
\@IEEEtmpitemindent=\dimen124
\IEEEPARstartletwidth=\dimen125
\c@IEEEbiography=\count93
\@IEEEtranrubishbin=\box27
) (C:\Users\Arnold\AppData\Roaming\MiKTeX\2.9\tex\latex\cite\cite.sty
LaTeX Info: Redefining \cite on input line 302.
LaTeX Info: Redefining \nocite on input line 332.
Package: cite 2015/02/27  v 5.5
)
("C:\Program Files\MiKTeX 2.9\tex\latex\graphics\graphicx.sty"
Package: graphicx 2014/10/28 v1.0g Enhanced LaTeX Graphics (DPC,SPQR)

("C:\Program Files\MiKTeX 2.9\tex\latex\graphics\keyval.sty"
Package: keyval 2014/10/28 v1.15 key=value parser (DPC)
\KV@toks@=\toks15
)
("C:\Program Files\MiKTeX 2.9\tex\latex\graphics\graphics.sty"
Package: graphics 2017/04/14 v1.1b Standard LaTeX Graphics (DPC,SPQR)

("C:\Program Files\MiKTeX 2.9\tex\latex\graphics\trig.sty"
Package: trig 2016/01/03 v1.10 sin cos tan (DPC)
)
("C:\Program Files\MiKTeX 2.9\tex\latex\graphics-cfg\graphics.cfg"
File: graphics.cfg 2016/06/04 v1.11 sample graphics configuration
)
Package graphics Info: Driver file: pdftex.def on input line 99.

("C:\Program Files\MiKTeX 2.9\tex\latex\graphics-def\pdftex.def"
File: pdftex.def 2017/01/12 v0.06k Graphics/color for pdfTeX

("C:\Program Files\MiKTeX 2.9\tex\generic\oberdiek\infwarerr.sty"
Package: infwarerr 2016/05/16 v1.4 Providing info/warning/error messages (HO)
)
("C:\Program Files\MiKTeX 2.9\tex\generic\oberdiek\ltxcmds.sty"
Package: ltxcmds 2016/05/16 v1.23 LaTeX kernel commands for general use (HO)
)
\Gread@gobject=\count94
))
\Gin@req@height=\dimen126
\Gin@req@width=\dimen127
)
("C:\Program Files\MiKTeX 2.9\tex\latex\amsmath\amsmath.sty"
Package: amsmath 2016/11/05 v2.16a AMS math features
\@mathmargin=\skip44

For additional information on amsmath, use the `?' option.
("C:\Program Files\MiKTeX 2.9\tex\latex\amsmath\amstext.sty"
Package: amstext 2000/06/29 v2.01 AMS text

("C:\Program Files\MiKTeX 2.9\tex\latex\amsmath\amsgen.sty"
File: amsgen.sty 1999/11/30 v2.0 generic functions
\@emptytoks=\toks16
\ex@=\dimen128
))
("C:\Program Files\MiKTeX 2.9\tex\latex\amsmath\amsbsy.sty"
Package: amsbsy 1999/11/29 v1.2d Bold Symbols
\pmbraise@=\dimen129
)
("C:\Program Files\MiKTeX 2.9\tex\latex\amsmath\amsopn.sty"
Package: amsopn 2016/03/08 v2.02 operator names
)
\inf@bad=\count95
LaTeX Info: Redefining \frac on input line 213.
\uproot@=\count96
\leftroot@=\count97
LaTeX Info: Redefining \overline on input line 375.
\classnum@=\count98
\DOTSCASE@=\count99
LaTeX Info: Redefining \ldots on input line 472.
LaTeX Info: Redefining \dots on input line 475.
LaTeX Info: Redefining \cdots on input line 596.
\Mathstrutbox@=\box28
\strutbox@=\box29
\big@size=\dimen130
LaTeX Font Info:    Redeclaring font encoding OML on input line 712.
LaTeX Font Info:    Redeclaring font encoding OMS on input line 713.
\macc@depth=\count100
\c@MaxMatrixCols=\count101
\dotsspace@=\muskip10
\c@parentequation=\count102
\dspbrk@lvl=\count103
\tag@help=\toks17
\row@=\count104
\column@=\count105
\maxfields@=\count106
\andhelp@=\toks18
\eqnshift@=\dimen131
\alignsep@=\dimen132
\tagshift@=\dimen133
\tagwidth@=\dimen134
\totwidth@=\dimen135
\lineht@=\dimen136
\@envbody=\toks19
\multlinegap=\skip45
\multlinetaggap=\skip46
\mathdisplay@stack=\toks20
LaTeX Info: Redefining \[ on input line 2817.
LaTeX Info: Redefining \] on input line 2818.
)
(C:\Users\Arnold\AppData\Roaming\MiKTeX\2.9\tex\latex\algorithms\algorithmic.st
y
Package: algorithmic 2009/08/24 v0.1 Document Style `algorithmic'
 ("C:\Program Files\MiKTeX 2.9\tex\latex\base\ifthen.sty"
Package: ifthen 2014/09/29 v1.1c Standard LaTeX ifthen package (DPC)
)
\c@ALC@unique=\count107
\c@ALC@line=\count108
\c@ALC@rem=\count109
\c@ALC@depth=\count110
\ALC@tlm=\skip47
\algorithmicindent=\skip48
)
("C:\Program Files\MiKTeX 2.9\tex\latex\tools\array.sty"
Package: array 2016/10/06 v2.4d Tabular extension package (FMi)
\col@sep=\dimen137
\extrarowheight=\dimen138
\NC@list=\toks21
\extratabsurround=\skip49
\backup@length=\skip50
)
(C:\Users\Arnold\AppData\Roaming\MiKTeX\2.9\tex\latex\subfig\subfig.sty
Package: subfig 2005/06/28 ver: 1.3 subfig package

(C:\Users\Arnold\AppData\Roaming\MiKTeX\2.9\tex\latex\caption\caption3.sty
Package: caption3 2016/05/22 v1.7-166 caption3 kernel (AR)
Package caption3 Info: TeX engine: e-TeX on input line 67.
\captionmargin=\dimen139
\captionmargin@=\dimen140
\captionwidth=\dimen141
\caption@tempdima=\dimen142
\caption@indent=\dimen143
\caption@parindent=\dimen144
\caption@hangindent=\dimen145
Package caption Info: Unknown document class (or package),
(caption)             standard defaults will be used.
)
\c@KVtest=\count111
\sf@farskip=\skip51
\sf@captopadj=\dimen146
\sf@capskip=\skip52
\sf@nearskip=\skip53
\c@subfigure=\count112
\c@subfigure@save=\count113
\c@lofdepth=\count114
\c@subtable=\count115
\c@subtable@save=\count116
\c@lotdepth=\count117
\sf@top=\skip54
\sf@bottom=\skip55
)
(C:\Users\Arnold\AppData\Roaming\MiKTeX\2.9\tex\latex\url\url.sty
\Urlmuskip=\muskip11
Package: url 2013/09/16  ver 3.4  Verb mode for urls, etc.
)
("C:\Program Files\MiKTeX 2.9\tex\latex\base\inputenc.sty"
Package: inputenc 2015/03/17 v1.2c Input encoding file
\inpenc@prehook=\toks22
\inpenc@posthook=\toks23

("C:\Program Files\MiKTeX 2.9\tex\latex\base\utf8.def"
File: utf8.def 2017/01/28 v1.1t UTF-8 support for inputenc
Now handling font encoding OML ...
... no UTF-8 mapping file for font encoding OML
Now handling font encoding T1 ...
... processing UTF-8 mapping file for font encoding T1

("C:\Program Files\MiKTeX 2.9\tex\latex\base\t1enc.dfu"
File: t1enc.dfu 2017/01/28 v1.1t UTF-8 support for inputenc
   defining Unicode char U+00A0 (decimal 160)
   defining Unicode char U+00A1 (decimal 161)
   defining Unicode char U+00A3 (decimal 163)
   defining Unicode char U+00AB (decimal 171)
   defining Unicode char U+00AD (decimal 173)
   defining Unicode char U+00BB (decimal 187)
   defining Unicode char U+00BF (decimal 191)
   defining Unicode char U+00C0 (decimal 192)
   defining Unicode char U+00C1 (decimal 193)
   defining Unicode char U+00C2 (decimal 194)
   defining Unicode char U+00C3 (decimal 195)
   defining Unicode char U+00C4 (decimal 196)
   defining Unicode char U+00C5 (decimal 197)
   defining Unicode char U+00C6 (decimal 198)
   defining Unicode char U+00C7 (decimal 199)
   defining Unicode char U+00C8 (decimal 200)
   defining Unicode char U+00C9 (decimal 201)
   defining Unicode char U+00CA (decimal 202)
   defining Unicode char U+00CB (decimal 203)
   defining Unicode char U+00CC (decimal 204)
   defining Unicode char U+00CD (decimal 205)
   defining Unicode char U+00CE (decimal 206)
   defining Unicode char U+00CF (decimal 207)
   defining Unicode char U+00D0 (decimal 208)
   defining Unicode char U+00D1 (decimal 209)
   defining Unicode char U+00D2 (decimal 210)
   defining Unicode char U+00D3 (decimal 211)
   defining Unicode char U+00D4 (decimal 212)
   defining Unicode char U+00D5 (decimal 213)
   defining Unicode char U+00D6 (decimal 214)
   defining Unicode char U+00D8 (decimal 216)
   defining Unicode char U+00D9 (decimal 217)
   defining Unicode char U+00DA (decimal 218)
   defining Unicode char U+00DB (decimal 219)
   defining Unicode char U+00DC (decimal 220)
   defining Unicode char U+00DD (decimal 221)
   defining Unicode char U+00DE (decimal 222)
   defining Unicode char U+00DF (decimal 223)
   defining Unicode char U+00E0 (decimal 224)
   defining Unicode char U+00E1 (decimal 225)
   defining Unicode char U+00E2 (decimal 226)
   defining Unicode char U+00E3 (decimal 227)
   defining Unicode char U+00E4 (decimal 228)
   defining Unicode char U+00E5 (decimal 229)
   defining Unicode char U+00E6 (decimal 230)
   defining Unicode char U+00E7 (decimal 231)
   defining Unicode char U+00E8 (decimal 232)
   defining Unicode char U+00E9 (decimal 233)
   defining Unicode char U+00EA (decimal 234)
   defining Unicode char U+00EB (decimal 235)
   defining Unicode char U+00EC (decimal 236)
   defining Unicode char U+00ED (decimal 237)
   defining Unicode char U+00EE (decimal 238)
   defining Unicode char U+00EF (decimal 239)
   defining Unicode char U+00F0 (decimal 240)
   defining Unicode char U+00F1 (decimal 241)
   defining Unicode char U+00F2 (decimal 242)
   defining Unicode char U+00F3 (decimal 243)
   defining Unicode char U+00F4 (decimal 244)
   defining Unicode char U+00F5 (decimal 245)
   defining Unicode char U+00F6 (decimal 246)
   defining Unicode char U+00F8 (decimal 248)
   defining Unicode char U+00F9 (decimal 249)
   defining Unicode char U+00FA (decimal 250)
   defining Unicode char U+00FB (decimal 251)
   defining Unicode char U+00FC (decimal 252)
   defining Unicode char U+00FD (decimal 253)
   defining Unicode char U+00FE (decimal 254)
   defining Unicode char U+00FF (decimal 255)
   defining Unicode char U+0100 (decimal 256)
   defining Unicode char U+0101 (decimal 257)
   defining Unicode char U+0102 (decimal 258)
   defining Unicode char U+0103 (decimal 259)
   defining Unicode char U+0104 (decimal 260)
   defining Unicode char U+0105 (decimal 261)
   defining Unicode char U+0106 (decimal 262)
   defining Unicode char U+0107 (decimal 263)
   defining Unicode char U+0108 (decimal 264)
   defining Unicode char U+0109 (decimal 265)
   defining Unicode char U+010A (decimal 266)
   defining Unicode char U+010B (decimal 267)
   defining Unicode char U+010C (decimal 268)
   defining Unicode char U+010D (decimal 269)
   defining Unicode char U+010E (decimal 270)
   defining Unicode char U+010F (decimal 271)
   defining Unicode char U+0110 (decimal 272)
   defining Unicode char U+0111 (decimal 273)
   defining Unicode char U+0112 (decimal 274)
   defining Unicode char U+0113 (decimal 275)
   defining Unicode char U+0114 (decimal 276)
   defining Unicode char U+0115 (decimal 277)
   defining Unicode char U+0116 (decimal 278)
   defining Unicode char U+0117 (decimal 279)
   defining Unicode char U+0118 (decimal 280)
   defining Unicode char U+0119 (decimal 281)
   defining Unicode char U+011A (decimal 282)
   defining Unicode char U+011B (decimal 283)
   defining Unicode char U+011C (decimal 284)
   defining Unicode char U+011D (decimal 285)
   defining Unicode char U+011E (decimal 286)
   defining Unicode char U+011F (decimal 287)
   defining Unicode char U+0120 (decimal 288)
   defining Unicode char U+0121 (decimal 289)
   defining Unicode char U+0122 (decimal 290)
   defining Unicode char U+0123 (decimal 291)
   defining Unicode char U+0124 (decimal 292)
   defining Unicode char U+0125 (decimal 293)
   defining Unicode char U+0128 (decimal 296)
   defining Unicode char U+0129 (decimal 297)
   defining Unicode char U+012A (decimal 298)
   defining Unicode char U+012B (decimal 299)
   defining Unicode char U+012C (decimal 300)
   defining Unicode char U+012D (decimal 301)
   defining Unicode char U+012E (decimal 302)
   defining Unicode char U+012F (decimal 303)
   defining Unicode char U+0130 (decimal 304)
   defining Unicode char U+0131 (decimal 305)
   defining Unicode char U+0132 (decimal 306)
   defining Unicode char U+0133 (decimal 307)
   defining Unicode char U+0134 (decimal 308)
   defining Unicode char U+0135 (decimal 309)
   defining Unicode char U+0136 (decimal 310)
   defining Unicode char U+0137 (decimal 311)
   defining Unicode char U+0139 (decimal 313)
   defining Unicode char U+013A (decimal 314)
   defining Unicode char U+013B (decimal 315)
   defining Unicode char U+013C (decimal 316)
   defining Unicode char U+013D (decimal 317)
   defining Unicode char U+013E (decimal 318)
   defining Unicode char U+0141 (decimal 321)
   defining Unicode char U+0142 (decimal 322)
   defining Unicode char U+0143 (decimal 323)
   defining Unicode char U+0144 (decimal 324)
   defining Unicode char U+0145 (decimal 325)
   defining Unicode char U+0146 (decimal 326)
   defining Unicode char U+0147 (decimal 327)
   defining Unicode char U+0148 (decimal 328)
   defining Unicode char U+014A (decimal 330)
   defining Unicode char U+014B (decimal 331)
   defining Unicode char U+014C (decimal 332)
   defining Unicode char U+014D (decimal 333)
   defining Unicode char U+014E (decimal 334)
   defining Unicode char U+014F (decimal 335)
   defining Unicode char U+0150 (decimal 336)
   defining Unicode char U+0151 (decimal 337)
   defining Unicode char U+0152 (decimal 338)
   defining Unicode char U+0153 (decimal 339)
   defining Unicode char U+0154 (decimal 340)
   defining Unicode char U+0155 (decimal 341)
   defining Unicode char U+0156 (decimal 342)
   defining Unicode char U+0157 (decimal 343)
   defining Unicode char U+0158 (decimal 344)
   defining Unicode char U+0159 (decimal 345)
   defining Unicode char U+015A (decimal 346)
   defining Unicode char U+015B (decimal 347)
   defining Unicode char U+015C (decimal 348)
   defining Unicode char U+015D (decimal 349)
   defining Unicode char U+015E (decimal 350)
   defining Unicode char U+015F (decimal 351)
   defining Unicode char U+0160 (decimal 352)
   defining Unicode char U+0161 (decimal 353)
   defining Unicode char U+0162 (decimal 354)
   defining Unicode char U+0163 (decimal 355)
   defining Unicode char U+0164 (decimal 356)
   defining Unicode char U+0165 (decimal 357)
   defining Unicode char U+0168 (decimal 360)
   defining Unicode char U+0169 (decimal 361)
   defining Unicode char U+016A (decimal 362)
   defining Unicode char U+016B (decimal 363)
   defining Unicode char U+016C (decimal 364)
   defining Unicode char U+016D (decimal 365)
   defining Unicode char U+016E (decimal 366)
   defining Unicode char U+016F (decimal 367)
   defining Unicode char U+0170 (decimal 368)
   defining Unicode char U+0171 (decimal 369)
   defining Unicode char U+0172 (decimal 370)
   defining Unicode char U+0173 (decimal 371)
   defining Unicode char U+0174 (decimal 372)
   defining Unicode char U+0175 (decimal 373)
   defining Unicode char U+0176 (decimal 374)
   defining Unicode char U+0177 (decimal 375)
   defining Unicode char U+0178 (decimal 376)
   defining Unicode char U+0179 (decimal 377)
   defining Unicode char U+017A (decimal 378)
   defining Unicode char U+017B (decimal 379)
   defining Unicode char U+017C (decimal 380)
   defining Unicode char U+017D (decimal 381)
   defining Unicode char U+017E (decimal 382)
   defining Unicode char U+01CD (decimal 461)
   defining Unicode char U+01CE (decimal 462)
   defining Unicode char U+01CF (decimal 463)
   defining Unicode char U+01D0 (decimal 464)
   defining Unicode char U+01D1 (decimal 465)
   defining Unicode char U+01D2 (decimal 466)
   defining Unicode char U+01D3 (decimal 467)
   defining Unicode char U+01D4 (decimal 468)
   defining Unicode char U+01E2 (decimal 482)
   defining Unicode char U+01E3 (decimal 483)
   defining Unicode char U+01E6 (decimal 486)
   defining Unicode char U+01E7 (decimal 487)
   defining Unicode char U+01E8 (decimal 488)
   defining Unicode char U+01E9 (decimal 489)
   defining Unicode char U+01EA (decimal 490)
   defining Unicode char U+01EB (decimal 491)
   defining Unicode char U+01F0 (decimal 496)
   defining Unicode char U+01F4 (decimal 500)
   defining Unicode char U+01F5 (decimal 501)
   defining Unicode char U+0218 (decimal 536)
   defining Unicode char U+0219 (decimal 537)
   defining Unicode char U+021A (decimal 538)
   defining Unicode char U+021B (decimal 539)
   defining Unicode char U+0232 (decimal 562)
   defining Unicode char U+0233 (decimal 563)
   defining Unicode char U+1E02 (decimal 7682)
   defining Unicode char U+1E03 (decimal 7683)
   defining Unicode char U+200C (decimal 8204)
   defining Unicode char U+2010 (decimal 8208)
   defining Unicode char U+2011 (decimal 8209)
   defining Unicode char U+2012 (decimal 8210)
   defining Unicode char U+2013 (decimal 8211)
   defining Unicode char U+2014 (decimal 8212)
   defining Unicode char U+2015 (decimal 8213)
   defining Unicode char U+2018 (decimal 8216)
   defining Unicode char U+2019 (decimal 8217)
   defining Unicode char U+201A (decimal 8218)
   defining Unicode char U+201C (decimal 8220)
   defining Unicode char U+201D (decimal 8221)
   defining Unicode char U+201E (decimal 8222)
   defining Unicode char U+2030 (decimal 8240)
   defining Unicode char U+2031 (decimal 8241)
   defining Unicode char U+2039 (decimal 8249)
   defining Unicode char U+203A (decimal 8250)
   defining Unicode char U+2423 (decimal 9251)
   defining Unicode char U+1E20 (decimal 7712)
   defining Unicode char U+1E21 (decimal 7713)
)
Now handling font encoding OT1 ...
... processing UTF-8 mapping file for font encoding OT1

("C:\Program Files\MiKTeX 2.9\tex\latex\base\ot1enc.dfu"
File: ot1enc.dfu 2017/01/28 v1.1t UTF-8 support for inputenc
   defining Unicode char U+00A0 (decimal 160)
   defining Unicode char U+00A1 (decimal 161)
   defining Unicode char U+00A3 (decimal 163)
   defining Unicode char U+00AD (decimal 173)
   defining Unicode char U+00B8 (decimal 184)
   defining Unicode char U+00BF (decimal 191)
   defining Unicode char U+00C5 (decimal 197)
   defining Unicode char U+00C6 (decimal 198)
   defining Unicode char U+00D8 (decimal 216)
   defining Unicode char U+00DF (decimal 223)
   defining Unicode char U+00E6 (decimal 230)
   defining Unicode char U+00EC (decimal 236)
   defining Unicode char U+00ED (decimal 237)
   defining Unicode char U+00EE (decimal 238)
   defining Unicode char U+00EF (decimal 239)
   defining Unicode char U+00F8 (decimal 248)
   defining Unicode char U+0131 (decimal 305)
   defining Unicode char U+0141 (decimal 321)
   defining Unicode char U+0142 (decimal 322)
   defining Unicode char U+0152 (decimal 338)
   defining Unicode char U+0153 (decimal 339)
   defining Unicode char U+0174 (decimal 372)
   defining Unicode char U+0175 (decimal 373)
   defining Unicode char U+0176 (decimal 374)
   defining Unicode char U+0177 (decimal 375)
   defining Unicode char U+0218 (decimal 536)
   defining Unicode char U+0219 (decimal 537)
   defining Unicode char U+021A (decimal 538)
   defining Unicode char U+021B (decimal 539)
   defining Unicode char U+2013 (decimal 8211)
   defining Unicode char U+2014 (decimal 8212)
   defining Unicode char U+2018 (decimal 8216)
   defining Unicode char U+2019 (decimal 8217)
   defining Unicode char U+201C (decimal 8220)
   defining Unicode char U+201D (decimal 8221)
)
Now handling font encoding OMS ...
... processing UTF-8 mapping file for font encoding OMS

("C:\Program Files\MiKTeX 2.9\tex\latex\base\omsenc.dfu"
File: omsenc.dfu 2017/01/28 v1.1t UTF-8 support for inputenc
   defining Unicode char U+00A7 (decimal 167)
   defining Unicode char U+00B6 (decimal 182)
   defining Unicode char U+00B7 (decimal 183)
   defining Unicode char U+2020 (decimal 8224)
   defining Unicode char U+2021 (decimal 8225)
   defining Unicode char U+2022 (decimal 8226)
)
Now handling font encoding OMX ...
... no UTF-8 mapping file for font encoding OMX
Now handling font encoding U ...
... no UTF-8 mapping file for font encoding U
   defining Unicode char U+00A9 (decimal 169)
   defining Unicode char U+00AA (decimal 170)
   defining Unicode char U+00AE (decimal 174)
   defining Unicode char U+00BA (decimal 186)
   defining Unicode char U+02C6 (decimal 710)
   defining Unicode char U+02DC (decimal 732)
   defining Unicode char U+200C (decimal 8204)
   defining Unicode char U+2026 (decimal 8230)
   defining Unicode char U+2122 (decimal 8482)
   defining Unicode char U+2423 (decimal 9251)
))
("C:\Program Files\MiKTeX 2.9\tex\latex\base\fontenc.sty"
Package: fontenc 2017/04/05 v2.0i Standard LaTeX package

("C:\Program Files\MiKTeX 2.9\tex\latex\base\t1enc.def"
File: t1enc.def 2017/04/05 v2.0i Standard LaTeX file
LaTeX Font Info:    Redeclaring font encoding T1 on input line 48.
)
LaTeX Font Info:    Try loading font information for T1+ptm on input line 105.

("C:\Program Files\MiKTeX 2.9\tex\latex\psnfss\t1ptm.fd"
File: t1ptm.fd 2001/06/04 font definitions for T1/ptm.
))
(C:\Users\Arnold\AppData\Roaming\MiKTeX\2.9\tex\latex\subfiles\subfiles.sty
Package: subfiles 2012/05/23 Federico Garcia

("C:\Program Files\MiKTeX 2.9\tex\latex\tools\verbatim.sty"
Package: verbatim 2014/10/28 v1.5q LaTeX2e package for verbatim enhancements
\every@verbatim=\toks24
\verbatim@line=\toks25
\verbatim@in@stream=\read1
))
("C:\Program Files\MiKTeX 2.9\tex\generic\babel\babel.sty"
Package: babel 2016/04/23 3.9r The Babel package

*************************************
* Local config file bblopts.cfg used
*
(C:\Users\Arnold\AppData\Roaming\MiKTeX\2.9\tex\latex\arabi\bblopts.cfg
File: bblopts.cfg 2005/09/08 v0.1 add Arabic and Farsi to "declared" options of
 babel
)
("C:\Program Files\MiKTeX 2.9\tex\latex\babel-german\ngerman.ldf"
Language: ngerman 2016/11/02 v2.9 German support for babel (new orthography)

("C:\Program Files\MiKTeX 2.9\tex\latex\babel-german\ngermanb.ldf"
Language: ngermanb 2016/11/02 v2.9 German support for babel (new orthography)

("C:\Program Files\MiKTeX 2.9\tex\generic\babel\babel.def"
File: babel.def 2016/04/23 3.9r Babel common definitions
\babel@savecnt=\count118
\U@D=\dimen147
)
Package babel Info: Making " an active character on input line 125.
)))
(C:\Users\Arnold\AppData\Roaming\MiKTeX\2.9\tex\latex\listings\listings.sty
\lst@mode=\count119
\lst@gtempboxa=\box30
\lst@token=\toks26
\lst@length=\count120
\lst@currlwidth=\dimen148
\lst@column=\count121
\lst@pos=\count122
\lst@lostspace=\dimen149
\lst@width=\dimen150
\lst@newlines=\count123
\lst@lineno=\count124
\lst@maxwidth=\dimen151

(C:\Users\Arnold\AppData\Roaming\MiKTeX\2.9\tex\latex\listings\lstmisc.sty
File: lstmisc.sty 2015/06/04 1.6 (Carsten Heinz)
\c@lstnumber=\count125
\lst@skipnumbers=\count126
\lst@framebox=\box31
)
(C:\Users\Arnold\AppData\Roaming\MiKTeX\2.9\tex\latex\listings\listings.cfg
File: listings.cfg 2015/06/04 1.6 listings configuration
))
Package: listings 2015/06/04 1.6 (Carsten Heinz)

(main.aux)
\openout1 = `main.aux'.

LaTeX Font Info:    Checking defaults for OML/cmm/m/it on input line 49.
LaTeX Font Info:    ... okay on input line 49.
LaTeX Font Info:    Checking defaults for T1/cmr/m/n on input line 49.
LaTeX Font Info:    ... okay on input line 49.
LaTeX Font Info:    Checking defaults for OT1/cmr/m/n on input line 49.
LaTeX Font Info:    ... okay on input line 49.
LaTeX Font Info:    Checking defaults for OMS/cmsy/m/n on input line 49.
LaTeX Font Info:    ... okay on input line 49.
LaTeX Font Info:    Checking defaults for OMX/cmex/m/n on input line 49.
LaTeX Font Info:    ... okay on input line 49.
LaTeX Font Info:    Checking defaults for U/cmr/m/n on input line 49.
LaTeX Font Info:    ... okay on input line 49.
LaTeX Font Info:    Font shape `T1/ptm/bx/n' in size <5.01874> not available
(Font)              Font shape `T1/ptm/b/n' tried instead on input line 49.
LaTeX Font Info:    Font shape `T1/ptm/bx/it' in size <5.01874> not available
(Font)              Font shape `T1/ptm/b/it' tried instead on input line 49.
LaTeX Font Info:    Font shape `T1/ptm/bx/n' in size <7.02625> not available
(Font)              Font shape `T1/ptm/b/n' tried instead on input line 49.
LaTeX Font Info:    Font shape `T1/ptm/bx/it' in size <7.02625> not available
(Font)              Font shape `T1/ptm/b/it' tried instead on input line 49.
LaTeX Font Info:    Font shape `T1/ptm/bx/n' in size <8.03> not available
(Font)              Font shape `T1/ptm/b/n' tried instead on input line 49.
LaTeX Font Info:    Font shape `T1/ptm/bx/it' in size <8.03> not available
(Font)              Font shape `T1/ptm/b/it' tried instead on input line 49.
LaTeX Font Info:    Font shape `T1/ptm/bx/n' in size <9.03374> not available
(Font)              Font shape `T1/ptm/b/n' tried instead on input line 49.
LaTeX Font Info:    Font shape `T1/ptm/bx/it' in size <9.03374> not available
(Font)              Font shape `T1/ptm/b/it' tried instead on input line 49.
LaTeX Font Info:    Font shape `T1/ptm/bx/n' in size <10.03749> not available
(Font)              Font shape `T1/ptm/b/n' tried instead on input line 49.
LaTeX Font Info:    Font shape `T1/ptm/bx/it' in size <10.03749> not available
(Font)              Font shape `T1/ptm/b/it' tried instead on input line 49.
LaTeX Font Info:    Font shape `T1/ptm/bx/n' in size <11.04124> not available
(Font)              Font shape `T1/ptm/b/n' tried instead on input line 49.
LaTeX Font Info:    Font shape `T1/ptm/bx/it' in size <11.04124> not available
(Font)              Font shape `T1/ptm/b/it' tried instead on input line 49.
LaTeX Font Info:    Font shape `T1/ptm/bx/n' in size <12.045> not available
(Font)              Font shape `T1/ptm/b/n' tried instead on input line 49.
LaTeX Font Info:    Font shape `T1/ptm/bx/it' in size <12.045> not available
(Font)              Font shape `T1/ptm/b/it' tried instead on input line 49.
LaTeX Font Info:    Font shape `T1/ptm/bx/n' in size <17.06374> not available
(Font)              Font shape `T1/ptm/b/n' tried instead on input line 49.
LaTeX Font Info:    Font shape `T1/ptm/bx/it' in size <17.06374> not available
(Font)              Font shape `T1/ptm/b/it' tried instead on input line 49.
LaTeX Font Info:    Font shape `T1/ptm/bx/n' in size <20.075> not available
(Font)              Font shape `T1/ptm/b/n' tried instead on input line 49.
LaTeX Font Info:    Font shape `T1/ptm/bx/it' in size <20.075> not available
(Font)              Font shape `T1/ptm/b/it' tried instead on input line 49.
LaTeX Font Info:    Font shape `T1/ptm/bx/n' in size <24.09> not available
(Font)              Font shape `T1/ptm/b/n' tried instead on input line 49.
LaTeX Font Info:    Font shape `T1/ptm/bx/it' in size <24.09> not available
(Font)              Font shape `T1/ptm/b/it' tried instead on input line 49.

-- Lines per column: 58 (exact).
(C:\Users\Arnold\AppData\Roaming\MiKTeX\2.9\tex\context\base\supp-pdf.mkii
[Loading MPS to PDF converter (version 2006.09.02).]
\scratchcounter=\count127
\scratchdimen=\dimen152
\scratchbox=\box32
\nofMPsegments=\count128
\nofMParguments=\count129
\everyMPshowfont=\toks27
\MPscratchCnt=\count130
\MPscratchDim=\dimen153
\MPnumerator=\count131
\makeMPintoPDFobject=\count132
\everyMPtoPDFconversion=\toks28
) ("C:\Program Files\MiKTeX 2.9\tex\generic\oberdiek\pdftexcmds.sty"
Package: pdftexcmds 2017/03/19 v0.25 Utility functions of pdfTeX for LuaTeX (HO
)

("C:\Program Files\MiKTeX 2.9\tex\generic\oberdiek\ifluatex.sty"
Package: ifluatex 2016/05/16 v1.4 Provides the ifluatex switch (HO)
Package ifluatex Info: LuaTeX not detected.
)
("C:\Program Files\MiKTeX 2.9\tex\generic\oberdiek\ifpdf.sty"
Package: ifpdf 2017/03/15 v3.2 Provides the ifpdf switch
)
Package pdftexcmds Info: LuaTeX not detected.
Package pdftexcmds Info: \pdf@primitive is available.
Package pdftexcmds Info: \pdf@ifprimitive is available.
Package pdftexcmds Info: \pdfdraftmode found.
)
("C:\Program Files\MiKTeX 2.9\tex\latex\oberdiek\epstopdf-base.sty"
Package: epstopdf-base 2016/05/15 v2.6 Base part for package epstopdf

("C:\Program Files\MiKTeX 2.9\tex\latex\oberdiek\grfext.sty"
Package: grfext 2016/05/16 v1.2 Manage graphics extensions (HO)

("C:\Program Files\MiKTeX 2.9\tex\generic\oberdiek\kvdefinekeys.sty"
Package: kvdefinekeys 2016/05/16 v1.4 Define keys (HO)
))
("C:\Program Files\MiKTeX 2.9\tex\latex\oberdiek\kvoptions.sty"
Package: kvoptions 2016/05/16 v3.12 Key value format for package options (HO)

("C:\Program Files\MiKTeX 2.9\tex\generic\oberdiek\kvsetkeys.sty"
Package: kvsetkeys 2016/05/16 v1.17 Key value parser (HO)

("C:\Program Files\MiKTeX 2.9\tex\generic\oberdiek\etexcmds.sty"
Package: etexcmds 2016/05/16 v1.6 Avoid name clashes with e-TeX commands (HO)
Package etexcmds Info: Could not find \expanded.
(etexcmds)             That can mean that you are not using pdfTeX 1.50 or
(etexcmds)             that some package has redefined \expanded.
(etexcmds)             In the latter case, load this package earlier.
)))
Package epstopdf-base Info: Redefining graphics rule for `.eps' on input line 4
38.
Package grfext Info: Graphics extension search list:
(grfext)             [.pdf,.jpeg,.png,.eps]
(grfext)             \AppendGraphicsExtensions on input line 456.
)
Package caption Info: Begin \AtBeginDocument code.
Package caption Info: subfig package v1.3 is loaded.
Package caption Info: End \AtBeginDocument code.
\c@lstlisting=\count133

(sections/authors.tex)
LaTeX Font Info:    Try loading font information for T1+phv on input line 53.
 ("C:\Program Files\MiKTeX 2.9\tex\latex\psnfss\t1phv.fd"
File: t1phv.fd 2001/06/04 scalable font definitions for T1/phv.
)
LaTeX Font Info:    Font shape `T1/ptm/bx/n' in size <14.05249> not available
(Font)              Font shape `T1/ptm/b/n' tried instead on input line 53.
 (sections/introduction.tex) (sections/pm.tex [1{C:/Users/Arnold/AppData/Local/
MiKTeX/2.9/pdftex/config/pdftex.map}


]
<./images/pdca.png, id=8, 514.17094pt x 459.21562pt>
File: ./images/pdca.png Graphic file (type png)
 <use ./images/pdca.png>
Package pdftex.def Info: ./images/pdca.png used on input line 51.
(pdftex.def)             Requested size: 205.66473pt x 183.68298pt.
LaTeX Font Info:    Calculating math sizes for size <10.03749> on input line 71
.
)
(sections/hakan.tex [2 <./images/pdca.png>]
Underfull \hbox (badness 1789) in paragraph at lines 74--76
\T1/ptm/m/n/10.03749 An-wen-dungs-fäl-len be-stimmt ih-ren Ein-satz fin-den wer
-
 []

[3]
LaTeX Font Info:    Try loading font information for T1+pcr on input line 92.
 ("C:\Program Files\MiKTeX 2.9\tex\latex\psnfss\t1pcr.fd"
File: t1pcr.fd 2001/06/04 font definitions for T1/pcr.
)
Underfull \hbox (badness 2865) in paragraph at lines 107--109
\T1/ptm/m/n/10.03749 der ak-tu-el-len Sze-ne ge-spei-chert und wie-der-her-ge-s
tellt
 []


Underfull \hbox (badness 10000) in paragraph at lines 107--109

 []


Underfull \hbox (badness 10000) in paragraph at lines 112--114

 []


Underfull \hbox (badness 2875) in paragraph at lines 117--119
[]\T1/ptm/m/n/10.03749 All die-se In-for-ma-tio-nen wer-den in ei-nem JSON-
 []

[4]
Underfull \hbox (badness 4634) in paragraph at lines 136--137
[]\T1/ptm/m/n/10.03749 Vordefinierte Bi-blio-the-ken zum Er-stel-len ei-ner
 []

) (sections/kristian.tex
Underfull \hbox (badness 1888) in paragraph at lines 150--1
[]\T1/ptm/m/n/10.03749 Ein Lö-sungs-vor-schlag wä-re das Kom-pri-mie-ren der
 []


Underfull \hbox (badness 3058) in paragraph at lines 150--1
\T1/ptm/m/n/10.03749 zu über-tra-gen-den Da-ten (z.B. durch den DEFLATE-
 []

<images/NetworkHost.png, id=25, 542.025pt x 231.86626pt>
File: images/NetworkHost.png Graphic file (type png)

<use images/NetworkHost.png>
Package pdftex.def Info: images/NetworkHost.png used on input line 18.
(pdftex.def)             Requested size: 252.94499pt x 108.20232pt.

Overfull \hbox (9.03374pt too wide) in paragraph at lines 18--19
[][] 
 []


Underfull \hbox (badness 3623) in paragraph at lines 25--26
[]\T1/ptm/m/n/10.03749 Objekte wer-den in Uni-ty ty-pi-scher-wei-se mit der
 []

[5 <./images/NetworkHost.png>]
<images/NetworkLocalPlayers.png, id=31, 539.01375pt x 274.02374pt>
File: images/NetworkLocalPlayers.png Graphic file (type png)

<use images/NetworkLocalPlayers.png>
Package pdftex.def Info: images/NetworkLocalPlayers.png used on input line 38.
(pdftex.def)             Requested size: 252.94499pt x 128.59465pt.

Overfull \hbox (9.03374pt too wide) in paragraph at lines 38--39
[][] 
 []


Underfull \hbox (badness 2529) in paragraph at lines 60--61
[]\T1/ptm/m/n/10.03749 Das Ziel des ers-ten Pro-to-ty-pen war die Ein-rich-
 []

) [6 <./images/NetworkLocalPlayers.png>] (sections/lukas.tex
Underfull \hbox (badness 2460) in paragraph at lines 17--18
[]\T1/ptm/m/n/10.03749 Auf ei-ner mo-der-nen Thea-ter-büh-ne exis-tie-ren vie-l
e
 []

<./images/motorvisu_scene.png, id=36, 577.40718pt x 437.38406pt>
File: ./images/motorvisu_scene.png Graphic file (type png)

<use ./images/motorvisu_scene.png>
Package pdftex.def Info: ./images/motorvisu_scene.png used on input line 29.
(pdftex.def)             Requested size: 227.64894pt x 172.44778pt.
 [7 <./images/motorvisu_scene.png>]
<./images/motorvisu_python_multicast_gui.png, id=41, 573.64313pt x 388.45125pt>
File: ./images/motorvisu_python_multicast_gui.png Graphic file (type png)
<use ./images/motorvisu_python_multicast_gui.png>
Package pdftex.def Info: ./images/motorvisu_python_multicast_gui.png used on in
put line 42.
(pdftex.def)             Requested size: 227.64894pt x 154.15079pt.
) (sections/jonas.tex
Underfull \hbox (badness 2119) in paragraph at lines 52--2
[]\T1/ptm/m/n/10.03749 Im ak-tu-el-len Stand des Pro-to-typs sind die UDP-
 []

<./images/spectatorView.png, id=42, 702.625pt x 856.19875pt>
File: ./images/spectatorView.png Graphic file (type png)

<use ./images/spectatorView.png>
Package pdftex.def Info: ./images/spectatorView.png used on input line 9.
(pdftex.def)             Requested size: 245.92242pt x 299.67404pt.

Overfull \hbox (2.01117pt too wide) in paragraph at lines 9--10
 [][] 
 []


Underfull \hbox (badness 10000) in paragraph at lines 18--19

 []

[8 <./images/motorvisu_python_multicast_gui.png>]
Underfull \hbox (badness 1546) in paragraph at lines 20--21
\T1/ptm/m/it/10.03749 li-bra-ti-on \T1/ptm/m/n/10.03749 und \T1/ptm/m/it/10.037
49 Com-po-si-tor\T1/ptm/m/n/10.03749 . Wäh-rend die Me-tho-den im
 []


Underfull \vbox (badness 10000) has occurred while \output is active []

)
Underfull \hbox (badness 4048) in paragraph at lines 27--67
\T1/ptm/m/n/10.03749 Der Vuforia-Service nutzt ei-ne ei-ge-ne Sze-nen-ka-me-ra
 []


Underfull \hbox (badness 1648) in paragraph at lines 27--67
\T1/ptm/m/n/10.03749 Ho-lo-Lens Ka-me-ra auch auf die Ka-me-ra von Vu-fo-ria
 []


Underfull \hbox (badness 10000) in paragraph at lines 27--67

 []


Underfull \hbox (badness 10000) in paragraph at lines 27--67
\T1/ptm/m/n/10.03749 Vuforia hat in al-len Tests, die wäh-rend un-se-rer
 []


Underfull \hbox (badness 1521) in paragraph at lines 27--67
\T1/ptm/m/n/10.03749 Ka-me-ra ver-lo-ren, da-bei hat-te es kei-ne Aus-wir-kun-g
en,
 []


Underfull \hbox (badness 10000) in paragraph at lines 27--67

 []

(sections/arnold.tex [9 <./images/spectatorView.png (PNG copy)>]
Underfull \hbox (badness 4792) in paragraph at lines 12--14
\T1/ptm/m/n/10.03749 Dabei wer-den die In-for-ma-tio-nen dem Nut-zer
 []


Underfull \hbox (badness 10000) in paragraph at lines 12--14

 []


Underfull \hbox (badness 10000) in paragraph at lines 15--17

 []

<./images/assetstore.png, id=49, 441.90094pt x 568.37344pt>
File: ./images/assetstore.png Graphic file (type png)

<use ./images/assetstore.png>
Package pdftex.def Info: ./images/assetstore.png used on input line 29.
(pdftex.def)             Requested size: 154.66763pt x 198.93369pt.

<./images/asset_manipulation.png, id=50, 231.86626pt x 246.1697pt>
File: ./images/asset_manipulation.png Graphic file (type png)

<use ./images/asset_manipulation.png>
Package pdftex.def Info: ./images/asset_manipulation.png used on input line 53.

(pdftex.def)             Requested size: 115.93283pt x 123.08453pt.
 [10 <./images/assetstore.png> <./images/asset_manipulation.png>]
Underfull \hbox (badness 4229) in paragraph at lines 64--66
\T1/ptm/m/n/10.03749 Ob-jekt aus-ge-wählt, wel-ches vom Gaze-Pointer
 []


Underfull \hbox (badness 7595) in paragraph at lines 64--66
\T1/ptm/m/n/10.03749 ge-trof-fen wird. Durch er-neu-tes Drücken der
 []


Underfull \hbox (badness 1596) in paragraph at lines 64--66
\T1/ptm/m/n/10.03749 kann man al-ler-lei nütz-li-che In-for-ma-tio-nen zum
 []


Underfull \hbox (badness 10000) in paragraph at lines 64--66

 []


Underfull \hbox (badness 10000) in paragraph at lines 67--69

 []


Underfull \hbox (badness 10000) in paragraph at lines 70--72

 []


Underfull \hbox (badness 10000) in paragraph at lines 73--75

 []


Underfull \hbox (badness 2591) in paragraph at lines 76--78
\T1/ptm/m/n/10.03749 Mo-dus für die geo-me-tri-sche Ma-ni-pu-la-ti-on des
 []


Underfull \hbox (badness 10000) in paragraph at lines 76--78

 []

) (sections/fabian.tex
Underfull \hbox (badness 10000) in paragraph at lines 7--16

 []


Underfull \hbox (badness 3375) in paragraph at lines 7--16
\T1/ptm/m/n/10.03749 Wir ent-schie-den uns die-se Im-ple-men-ta-ti-on als Ba-si
s
 []


Underfull \hbox (badness 1910) in paragraph at lines 7--16
\T1/ptm/m/n/10.03749 für un-se-re ei-ge-ne zu ver-wen-den. Da der vor-han-de-ne

 []


Underfull \hbox (badness 1609) in paragraph at lines 7--16
\T1/ptm/m/n/10.03749 Tap'' Ges-te so-wie die Blick-rich-tung des Nut-zers, um
 []


Underfull \hbox (badness 10000) in paragraph at lines 7--16
\T1/ptm/m/n/10.03749 ge-nutzt wer-den soll-ten um die Ma-ni-pu-la-ti-on der
 []


Underfull \hbox (badness 10000) in paragraph at lines 7--16
\T1/ptm/m/n/10.03749 Ho-lo-gram-me, Ver-schie-ben, Ro-tie-ren und Ska-lie-ren,
 []


Underfull \hbox (badness 7256) in paragraph at lines 7--16
\T1/ptm/m/n/10.03749 Die ``Na-vi-ga-ti-on'' Ges-te star-tet ähn-lich, mit ei-ne
m
 []


Underfull \hbox (badness 6493) in paragraph at lines 7--16
\T1/ptm/m/n/10.03749 ge-hal-te-nen ``Air Tab'', Be-we-gun-gen der Hand vom
 []


Underfull \hbox (badness 10000) in paragraph at lines 7--16

 []

<./images/oldTrans.png, id=56, 246.9225pt x 179.92218pt>
File: ./images/oldTrans.png Graphic file (type png)

<use ./images/oldTrans.png>
Package pdftex.def Info: ./images/oldTrans.png used on input line 20.
(pdftex.def)             Requested size: 166.94463pt x 121.64539pt.

<./images/scaleOld.png, id=57, 186.6975pt x 153.57375pt>
File: ./images/scaleOld.png Graphic file (type png)

<use ./images/scaleOld.png>
Package pdftex.def Info: ./images/scaleOld.png used on input line 21.
(pdftex.def)             Requested size: 166.94463pt x 137.33165pt.

<./images/oldrot.png, id=58, 223.58531pt x 165.61874pt>
File: ./images/oldrot.png Graphic file (type png)

<use ./images/oldrot.png>
Package pdftex.def Info: ./images/oldrot.png used on input line 22.
(pdftex.def)             Requested size: 166.94463pt x 123.66536pt.

Underfull \hbox (badness 10000) in paragraph at lines 27--28
[]\T1/ptm/m/n/10.03749 Unabhängig vom Pro-blem der Nut-zerin-ter-ak-ti-on,
 []


Underfull \hbox (badness 10000) in paragraph at lines 27--28

 []

<./images/Example_ScaleGizmo_Object.png, id=59, 265.74281pt x 274.77657pt>
File: ./images/Example_ScaleGizmo_Object.png Graphic file (type png)

<use ./images/Example_ScaleGizmo_Object.png>
Package pdftex.def Info: ./images/Example_ScaleGizmo_Object.png used on input l
ine 32.
(pdftex.def)             Requested size: 166.94463pt x 172.62378pt.

<./images/Example_ScaleGizmo.png, id=60, 244.66406pt x 334.24875pt>
File: ./images/Example_ScaleGizmo.png Graphic file (type png)

<use ./images/Example_ScaleGizmo.png>
Package pdftex.def Info: ./images/Example_ScaleGizmo.png used on input line 33.

(pdftex.def)             Requested size: 252.94499pt x 345.5704pt.

Overfull \hbox (9.03374pt too wide) in paragraph at lines 32--34
 [] 
 []

[11]
Underfull \hbox (badness 10000) in paragraph at lines 52--54

 []

[12 <./images/oldTrans.png> <./images/scaleOld.png> <./images/oldrot.png> <./im
ages/Example_ScaleGizmo_Object.png> <./images/Example_ScaleGizmo.png>]
Underfull \hbox (badness 10000) in paragraph at lines 55--58
\T1/ptm/m/n/10.03749 ent-wi-ckelt. Als Ver-än-de-rung ge-gen-über den ers-ten
 []


Underfull \hbox (badness 2285) in paragraph at lines 55--58
\T1/ptm/m/n/10.03749 Pro-to-ty-pen ist in ers-ter Li-nie ei-ne Ver-grö-ÿe-rung 
der
 []


Underfull \hbox (badness 2189) in paragraph at lines 55--58
\T1/ptm/m/n/10.03749 zu nen-nen. Sie wur-den in ei-nem Ver-such ein-ge-führt
 []


Underfull \hbox (badness 4699) in paragraph at lines 55--58
\T1/ptm/m/n/10.03749 kön-nen die-se nun durch einen ``Air Tab'' auf das
 []


Underfull \hbox (badness 3428) in paragraph at lines 55--58
\T1/ptm/m/n/10.03749 ent-spre-chen-de Icon ak-ti-viert wer-den. Die Icons sind
 []


Underfull \hbox (badness 10000) in paragraph at lines 55--58

 []

<./images/new.png, id=70, 268.75406pt x 184.43906pt>
File: ./images/new.png Graphic file (type png)
 <use ./images/new.png>
Package pdftex.def Info: ./images/new.png used on input line 63.
(pdftex.def)             Requested size: 166.94463pt x 114.57054pt.

<./images/scaleNew.png, id=71, 185.94469pt x 155.83218pt>
File: ./images/scaleNew.png Graphic file (type png)

<use ./images/scaleNew.png>
Package pdftex.def Info: ./images/scaleNew.png used on input line 64.
(pdftex.def)             Requested size: 166.94463pt x 139.9124pt.

<./images/newrot.png, id=72, 183.68625pt x 157.33781pt>
File: ./images/newrot.png Graphic file (type png)

<use ./images/newrot.png>
Package pdftex.def Info: ./images/newrot.png used on input line 65.
(pdftex.def)             Requested size: 166.94463pt x 143.00716pt.

Underfull \hbox (badness 3000) in paragraph at lines 70--73
\T1/ptm/m/n/10.03749 ver-ein-fach-ten, je-doch noch wei-te-re Än-de-run-gen nö-
tig
 []


Underfull \hbox (badness 10000) in paragraph at lines 70--73

 []

[13 <./images/new.png> <./images/scaleNew.png> <./images/newrot.png>])
(sections/sven-ui.tex
Underfull \hbox (badness 1728) in paragraph at lines 4--5
[]\T1/ptm/m/n/10.03749 Bereits zu Be-ginn der Ent-wick-lung wur-de schnell
 []

<./images/material_palette.png, id=80, 810.02625pt x 454.69875pt>
File: ./images/material_palette.png Graphic file (type png)

<use ./images/material_palette.png>
Package pdftex.def Info: ./images/material_palette.png used on input line 22.
(pdftex.def)             Requested size: 243.00975pt x 136.41068pt.
) (sections/ui-Ausblick.tex [14 <./images/material_palette.png>]) (sections/ibr
ahim.tex
<./images/TestRunner1.png, id=85, 302.3295pt x 231.86626pt>
File: ./images/TestRunner1.png Graphic file (type png)

<use ./images/TestRunner1.png>
Package pdftex.def Info: ./images/TestRunner1.png used on input line 9.
(pdftex.def)             Requested size: 196.51184pt x 150.71127pt.

Underfull \hbox (badness 10000) in paragraph at lines 6--14

 []

[15]
Underfull \hbox (badness 4072) in paragraph at lines 27--38
\T1/ptm/m/n/10.03749 (float) ver-gli-chen wer-den. Au-ÿer-dem ist es mög-lich
 []


Underfull \hbox (badness 10000) in paragraph at lines 27--38
\T1/ptm/m/n/10.03749 Farb-wer-te ei-nes Ob-jekts mit ei-nem ent-spre-chen-den
 []


Underfull \hbox (badness 10000) in paragraph at lines 27--38

 []


Underfull \hbox (badness 10000) in paragraph at lines 27--38

 []


Underfull \hbox (badness 10000) in paragraph at lines 27--38
\T1/ptm/m/n/10.03749 Mit Mo-no-Be-ha-viour-Test kön-nen z.B. Ti-meouts
 []


Underfull \hbox (badness 10000) in paragraph at lines 27--38
\T1/ptm/m/n/10.03749 von be-stimm-ten In-ter-ak-tio-nen (die im Co-de als
 []


Underfull \hbox (badness 2951) in paragraph at lines 27--38
\T1/ptm/m/n/10.03749 IMo-no-Be-ha-viour-Test wer-den die Be-din-gun-gen ge-setz
t,
 []


Underfull \hbox (badness 1762) in paragraph at lines 27--38
\T1/ptm/m/n/10.03749 wann der Test fer-tig ist. So-bald die fest-ge-leg-te Zeit

 []


Underfull \hbox (badness 10000) in paragraph at lines 27--38

 []


Underfull \hbox (badness 10000) in paragraph at lines 27--38

 []


Underfull \hbox (badness 10000) in paragraph at lines 27--38

 []


Underfull \hbox (badness 2310) in paragraph at lines 27--38
\T1/ptm/m/n/10.03749 Nach-rich-ten zu über-prü-fen. Dies wird mit Lo-gAs-sert
 []


Underfull \hbox (badness 2617) in paragraph at lines 27--38
\T1/ptm/m/n/10.03749 Die Unit Tests müs-sen re-gel-mä-ÿig ge-pflegt und auf
 []


Underfull \hbox (badness 10000) in paragraph at lines 27--38

 []


Underfull \hbox (badness 10000) in paragraph at lines 45--51

 []


Underfull \hbox (badness 10000) in paragraph at lines 45--51
\T1/ptm/m/n/10.03749 http : / / localhost : 8342 / about / q / scene / Some / O
bject .
 []


Underfull \hbox (badness 10000) in paragraph at lines 45--51

 []


Underfull \hbox (badness 3039) in paragraph at lines 45--51
\T1/ptm/m/n/10.03749 Dieses Bei-spiel ruft die Funk-ti-on So-me-Func-ti-on mit
 []

[16 <./images/TestRunner1.png>]
<./images/PipelineGitLabCI.png, id=92, 386.6445pt x 59.62276pt>
File: ./images/PipelineGitLabCI.png Graphic file (type png)

<use ./images/PipelineGitLabCI.png>
Package pdftex.def Info: ./images/PipelineGitLabCI.png used on input line 63.
(pdftex.def)             Requested size: 262.91478pt x 40.54292pt.

Overfull \hbox (19.00352pt too wide) in paragraph at lines 63--64
[][] 
 []


Underfull \hbox (badness 10000) in paragraph at lines 58--70
\T1/ptm/m/n/10.03749 müs-sen funk-ti-ons-fä-hig sein. Da-durch soll-ten die
 []


Underfull \hbox (badness 3271) in paragraph at lines 58--70
\T1/ptm/m/n/10.03749 So-mit bie-tet sich Git-Lab CI für die kon-ti-nu-ier-li-ch
e
 []


Underfull \hbox (badness 7522) in paragraph at lines 58--70
\T1/ptm/m/n/10.03749 In-te-gra-ti-on an. Die-se ver-wen-det ei-ne YAML-Datei[]
 []


Underfull \hbox (badness 5696) in paragraph at lines 58--70
\T1/ptm/m/n/10.03749 her-un-ter-la-den kann. So-mit kann man die Ar-te-fak-te
 []


Underfull \hbox (badness 10000) in paragraph at lines 58--70

 []

) (sections/sven-qa.tex [17 <./images/PipelineGitLabCI.png>]
<./images/logging_channel.png, id=96, 560.0925pt x 416.55624pt>
File: ./images/logging_channel.png Graphic file (type png)

<use ./images/logging_channel.png>
Package pdftex.def Info: ./images/logging_channel.png used on input line 10.
(pdftex.def)             Requested size: 224.03302pt x 166.61954pt.
) (sections/conclusion.tex)
(sections/bibliography.tex
Underfull \hbox (badness 2970) in paragraph at lines 30--31
[]\T1/ptm/m/n/8.03 International Or-ga-ni-za-ti-on for Stan-dar-di-za-ti-on, \T
1/ptm/m/it/8.03 ISO 21500\T1/ptm/m/n/8.03 , htt-
 []


Underfull \hbox (badness 1708) in paragraph at lines 33--34
[]\T1/ptm/m/n/8.03 Wikipedia, \T1/ptm/m/it/8.03 PD-CA\T1/ptm/m/n/8.03 , htt-ps:
//en.wikipedia.org/wiki/PDCA, Wi-ki-me-dia
 []


Underfull \hbox (badness 10000) in paragraph at lines 36--37
[]\T1/ptm/m/n/8.03 Microsoft, \T1/ptm/m/it/8.03 Ho-me-pa-ge\T1/ptm/m/n/8.03 , h
ttps://developer.microsoft.com/en-
 []


Underfull \hbox (badness 10000) in paragraph at lines 42--43
[]\T1/ptm/m/n/8.03 https://az835927.vo.msecnd.net/sites/mixed-
 []


Underfull \hbox (badness 10000) in paragraph at lines 75--76
[]\T1/ptm/m/n/8.03 https://assetstore.unity.com/packages/tools/unium-automated-
test-
 []

LaTeX Font Info:    Calculating math sizes for size <8.03> on input line 78.

Underfull \hbox (badness 10000) in paragraph at lines 78--79
[]$\T1/ptm/m/n/8.03 http : / / home . edvsz . fh-[]osnabrueck . de / skleuker /
 CSI / Werkzeuge /
 []


Overfull \hbox (90.6918pt too wide) in paragraph at lines 81--82
[]$\T1/ptm/m/n/8.03 https : / / about . gitlab . com / 2016 / 08 / 05 / continu
ous-[]integration-[]delivery-[]and-[]deployment-[]with-[]gitlab/$ 
 []


Underfull \hbox (badness 10000) in paragraph at lines 103--104
[]\T1/ptm/m/n/8.03 https://about.gitlab.com/2018/01/22/a-beginners-guide-to-con
tinuous-
 []


Underfull \hbox (badness 7504) in paragraph at lines 110--112
[]\T1/ptm/m/n/8.03 Unser Github Is-sue im Mi-cro-soft Pro-ject zum lö-sen des
 []


Underfull \hbox (badness 10000) in paragraph at lines 110--112
\T1/ptm/m/n/8.03 Xbox Con-trol-ler Pro-blems, $https : / / github . com / Micro
soft /
 []


Underfull \hbox (badness 10000) in paragraph at lines 126--128
[]\T1/ptm/m/n/8.03 Is it pos-si-ble to com-mu-ni-ca-te (UD-P/T-CP) with the
 []


Underfull \hbox (badness 10000) in paragraph at lines 126--128
\T1/ptm/m/n/8.03 emu-la-tor?, $https : / / forums . hololens . com / discussion
 / 253 /
 []

)

** Conference Paper **
Before submitting the final camera ready copy, remember to:

 1. Manually equalize the lengths of two columns on the last page
 of your paper;

 2. Ensure that any PostScript and/or PDF output post-processing
 uses only Type 1 fonts and that every step in the generation
 process uses the appropriate paper size.

[18 <./images/logging_channel.png>] (main.aux) ) 
Here is how much of TeX's memory you used:
 6760 strings out of 493328
 100432 string characters out of 3139122
 175922 words of memory out of 3000000
 10104 multiletter control sequences out of 15000+200000
 121783 words of font info for 128 fonts, out of 3000000 for 9000
 1144 hyphenation exceptions out of 8191
 39i,9n,50p,1540b,403s stack positions out of 5000i,500n,10000p,200000b,50000s
{C:/Program Files/MiKTeX 2.9/fo
nts/enc/dvips/base/8r.enc}<C:/Program Files/MiKTeX 2.9/fonts/type1/public/amsfo
nts/cm/cmr10.pfb><C:/Program Files/MiKTeX 2.9/fonts/type1/public/amsfonts/cm/cm
sy10.pfb><C:/Program Files/MiKTeX 2.9/fonts/type1/public/amsfonts/cm/cmsy7.pfb>
<C:/Program Files/MiKTeX 2.9/fonts/type1/urw/courier/ucrr8a.pfb><C:/Program Fil
es/MiKTeX 2.9/fonts/type1/urw/helvetic/uhvr8a.pfb><C:/Program Files/MiKTeX 2.9/
fonts/type1/urw/times/utmb8a.pfb><C:/Program Files/MiKTeX 2.9/fonts/type1/urw/t
imes/utmbi8a.pfb><C:/Program Files/MiKTeX 2.9/fonts/type1/urw/times/utmr8a.pfb>
<C:/Program Files/MiKTeX 2.9/fonts/type1/urw/times/utmr8a.pfb><C:/Program Files
/MiKTeX 2.9/fonts/type1/urw/times/utmri8a.pfb>
Output written on main.pdf (18 pages, 1605748 bytes).
PDF statistics:
 134 PDF objects out of 1000 (max. 8388607)
 0 named destinations out of 1000 (max. 500000)
 101 words of extra memory for PDF output out of 10000 (max. 10000000)

